2018-08-14 03:20:40,091 [      0]   INFO -        #com.intellij.idea.Main - ------------------------------------------------------ IDE STARTED ------------------------------------------------------ 
2018-08-14 03:20:40,109 [     18]   INFO -        #com.intellij.idea.Main - IDE: PyCharm Community Edition (build #PC-133.1229, 03 Apr 2014 00:00) 
2018-08-14 03:20:40,109 [     18]   INFO -        #com.intellij.idea.Main - OS: Windows 8 (6.2, x86) 
2018-08-14 03:20:40,109 [     18]   INFO -        #com.intellij.idea.Main - JRE: 1.7.0_40-b43 (Oracle Corporation) 
2018-08-14 03:20:40,109 [     18]   INFO -        #com.intellij.idea.Main - JVM: 24.0-b56 (Java HotSpot(TM) Server VM) 
2018-08-14 03:20:40,116 [     25]   INFO -        #com.intellij.idea.Main - JVM Args: -Xms128m -Xmx512m -XX:MaxPermSize=250m -XX:ReservedCodeCacheSize=64m -ea -Dsun.io.useCanonCaches=false -Djava.net.preferIPv4Stack=true -XX:+UseCodeCacheFlushing -XX:+UseConcMarkSweepGC -XX:SoftRefLRUPolicyMSPerMB=50 -Xbootclasspath/a:C:\Mega\PortableApps\Portable Python 2.7.6.1\App\PyCharm\lib\boot.jar -Didea.platform.prefix=PyCharmCore -Didea.no.jre.check=true -Didea.paths.selector=PyCharm30 
2018-08-14 03:20:40,247 [    156]   INFO -        #com.intellij.idea.Main - JNA library loaded (32-bit) in 131 ms 
2018-08-14 03:20:40,317 [    226]   INFO -        #com.intellij.idea.Main - Snappy library loaded (1.0.5) in 67 ms 
2018-08-14 03:20:40,342 [    251]   INFO - penapi.util.io.win32.IdeaWin32 - Native filesystem for Windows is operational 
2018-08-14 03:20:40,362 [    271]   INFO -        #com.intellij.idea.Main - Using "FocusKiller" library to prevent focus stealing. 
2018-08-14 03:20:42,551 [   2460]   INFO - llij.ide.plugins.PluginManager - 10 plugins initialized in 824 ms 
2018-08-14 03:20:42,551 [   2460]   INFO - llij.ide.plugins.PluginManager - Loaded bundled plugins: CVS Integration (11), Git Integration (8.1), GitHub, IDEA CORE, Python ReStructureText Integration (VERSION), ReStructuredText Support (134.SNAPSHOT), Subversion Integration (1.1), Task Management (1.0), Terminal (0.1), hg4idea (10.0) 
2018-08-14 03:20:43,607 [   3516]   INFO - ellij.vfs.persistent.FSRecords - Marking VFS as corrupted 
2018-08-14 03:20:43,610 [   3519]   INFO - ellij.util.io.PagedFileStorage - lower=100; upper=200; buffer=10; max=498008064 
2018-08-14 03:20:43,697 [   3606]   INFO - api.vfs.impl.local.FileWatcher - Starting file watcher: C:\Mega\PortableApps\Portable Python 2.7.6.1\App\PyCharm\bin\fsnotifier.exe 
2018-08-14 03:20:43,720 [   3629]   INFO - api.vfs.impl.local.FileWatcher - Native file watcher is operational. 
2018-08-14 03:20:43,788 [   3697]   INFO - s.impl.stores.FileBasedStorage - Document was not loaded for $APP_CONFIG$/other.xml file is null 
2018-08-14 03:20:43,797 [   3706]   INFO - s.impl.stores.FileBasedStorage - Document was not loaded for $APP_CONFIG$/project.default.xml file is null 
2018-08-14 03:20:43,919 [   3828]   INFO - s.impl.stores.FileBasedStorage - Document was not loaded for $APP_CONFIG$/filetypes.xml file is null 
2018-08-14 03:20:44,025 [   3934]   INFO - .history.utils.LocalHistoryLog - local history version mismatch (was: 0, expected: 5), rebuilding... 
2018-08-14 03:20:44,025 [   3934]   INFO - .history.utils.LocalHistoryLog - FS has been rebuild, rebuilding local history... 
2018-08-14 03:20:44,073 [   3982]   INFO - s.impl.stores.FileBasedStorage - Document was not loaded for $APP_CONFIG$/path.macros.xml file is null 
2018-08-14 03:20:44,075 [   3984]   INFO - s.impl.stores.FileBasedStorage - Document was not loaded for $APP_CONFIG$/ui.lnf.xml file is null 
2018-08-14 03:20:44,078 [   3987]   INFO - s.impl.stores.FileBasedStorage - Document was not loaded for $APP_CONFIG$/options.xml file is null 
2018-08-14 03:20:44,129 [   4038]   INFO - s.impl.stores.FileBasedStorage - Document was not loaded for $APP_CONFIG$/notifications.xml file is null 
2018-08-14 03:20:44,132 [   4041]   INFO - s.impl.stores.FileBasedStorage - Document was not loaded for $APP_CONFIG$/usage.statistics.xml file is null 
2018-08-14 03:20:44,134 [   4043]   INFO - s.impl.stores.FileBasedStorage - Document was not loaded for $APP_CONFIG$/statistics.application.usages.xml file is null 
2018-08-14 03:20:44,225 [   4134]   INFO - s.impl.stores.FileBasedStorage - Document was not loaded for $APP_CONFIG$/keymap.xml file is null 
2018-08-14 03:20:44,369 [   4278]   INFO - s.impl.stores.FileBasedStorage - Document was not loaded for $APP_CONFIG$/window.manager.xml file is null 
2018-08-14 03:20:44,379 [   4288]   INFO - s.impl.stores.FileBasedStorage - Document was not loaded for $APP_CONFIG$/abbreviations.xml file is null 
2018-08-14 03:20:44,397 [   4306]   INFO - s.impl.stores.FileBasedStorage - Document was not loaded for $APP_CONFIG$/ide.general.xml file is null 
2018-08-14 03:20:44,411 [   4320]   INFO - s.impl.stores.FileBasedStorage - Document was not loaded for $APP_CONFIG$/editor.xml file is null 
2018-08-14 03:20:44,414 [   4323]   INFO - s.impl.stores.FileBasedStorage - Document was not loaded for $APP_CONFIG$/macros.xml file is null 
2018-08-14 03:20:44,417 [   4326]   INFO - s.impl.stores.FileBasedStorage - Document was not loaded for $APP_CONFIG$/quicklists.xml file is null 
2018-08-14 03:20:46,109 [   6018]   INFO - s.impl.stores.FileBasedStorage - Document was not loaded for $APP_CONFIG$/stubIndex.xml file is null 
2018-08-14 03:20:46,164 [   6073]   INFO - tellij.xml.Html5SchemaProvider - HTML5_SCHEMA_LOCATION = C:/Mega/PortableApps/Portable Python 2.7.6.1/App/PyCharm/lib/pycharm.jar!/resources/html5-schema/html5.rnc 
2018-08-14 03:20:46,164 [   6073]   INFO - tellij.xml.Html5SchemaProvider - XHTML5_SCHEMA_LOCATION = C:/Mega/PortableApps/Portable Python 2.7.6.1/App/PyCharm/lib/pycharm.jar!/resources/html5-schema/xhtml5.rnc 
2018-08-14 03:20:46,164 [   6073]   INFO - tellij.xml.Html5SchemaProvider - CHARS_DTD_LOCATION = C:/Mega/PortableApps/Portable Python 2.7.6.1/App/PyCharm/lib/pycharm.jar!/resources/html5-schema/html5chars.ent 
2018-08-14 03:20:46,432 [   6341]   INFO - s.impl.stores.FileBasedStorage - Document was not loaded for $APP_CONFIG$/colors.scheme.xml file is null 
2018-08-14 03:20:46,437 [   6346]   INFO - s.impl.stores.FileBasedStorage - Document was not loaded for $APP_CONFIG$/editor.codeinsight.xml file is null 
2018-08-14 03:20:46,467 [   6376]   INFO - ellij.project.impl.ProjectImpl - 18 project components initialized in 286 ms 
2018-08-14 03:20:46,467 [   6376]   INFO - le.impl.ModuleManagerComponent - 0 module(s) loaded in 0 ms 
2018-08-14 03:20:46,492 [   6401]   INFO - s.impl.stores.FileBasedStorage - Document was not loaded for $APP_CONFIG$/code.style.schemes.xml file is null 
2018-08-14 03:20:46,521 [   6430]   INFO - s.impl.stores.FileBasedStorage - Document was not loaded for $APP_CONFIG$/terminal.xml file is null 
2018-08-14 03:20:46,522 [   6431]   INFO - pl.stores.ApplicationStoreImpl - 74 application components initialized in 3946 ms 
2018-08-14 03:20:46,570 [   6479]   INFO - .intellij.idea.IdeaApplication - App initialization took 16899 ms 
2018-08-14 03:20:55,045 [  14954]   INFO - s.impl.stores.FileBasedStorage - Document was not loaded for $APP_CONFIG$/plugin_ui.xml file is null 
2018-08-14 03:20:55,047 [  14956]   INFO - ateSettings.impl.UpdateChecker - plugins.jetbrains.com 
2018-08-14 03:20:58,740 [  18649]   INFO - il.indexing.FileBasedIndexImpl - START INDEX SHUTDOWN 
2018-08-14 03:20:58,795 [  18704]   INFO - il.indexing.FileBasedIndexImpl - END INDEX SHUTDOWN 
2018-08-14 03:20:58,795 [  18704]   INFO - stubs.SerializationManagerImpl - START StubSerializationManager SHUTDOWN 
2018-08-14 03:20:58,796 [  18705]   INFO - stubs.SerializationManagerImpl - END StubSerializationManager SHUTDOWN 
2018-08-14 03:20:58,796 [  18705]   INFO - .history.utils.LocalHistoryLog - Purging local history... 
2018-08-14 03:20:58,807 [  18716]   INFO - .history.utils.LocalHistoryLog - Local history storage successfully closed. 
2018-08-14 03:20:59,002 [  18911]   WARN - api.vfs.impl.local.FileWatcher - Watcher terminated with exit code 0 
2018-08-14 03:20:59,002 [  18911]   INFO - newvfs.persistent.PersistentFS - VFS dispose started 
2018-08-14 03:20:59,095 [  19004]   INFO - newvfs.persistent.PersistentFS - VFS dispose completed 
2018-08-14 03:20:59,097 [  19006]   INFO -        #com.intellij.idea.Main - ------------------------------------------------------ IDE SHUTDOWN ------------------------------------------------------ 
